
> codemind-frontend@0.1.0 dev
> next dev

 ⚠ Port 3000 is in use by an unknown process, using available port 3005 instead.
   ▲ Next.js 15.5.19
   - Local:        http://localhost:3005
   - Network:      http://192.168.56.1:3005

 ✓ Starting...
 ✓ Ready in 98.1s
 ○ Compiling /data-flow ...
 ✓ Compiled /data-flow in 247.1s (5952 modules)
 ⨯ [Error: Cannot find module 'C:\Users\lenovo\OneDrive\Desktop\CodeMindAI Code Understanding system\codemind-frontend\.next\server\app\data-flow\page.js'
Require stack:
- C:\Users\lenovo\OneDrive\Desktop\CodeMindAI Code Understanding system\codemind-frontend\node_modules\next\dist\server\require.js
- C:\Users\lenovo\OneDrive\Desktop\CodeMindAI Code Understanding system\codemind-frontend\node_modules\next\dist\server\load-components.js
- C:\Users\lenovo\OneDrive\Desktop\CodeMindAI Code Understanding system\codemind-frontend\node_modules\next\dist\build\utils.js
- C:\Users\lenovo\OneDrive\Desktop\CodeMindAI Code Understanding system\codemind-frontend\node_modules\next\dist\build\swc\options.js
- C:\Users\lenovo\OneDrive\Desktop\CodeMindAI Code Understanding system\codemind-frontend\node_modules\next\dist\build\swc\index.js
- C:\Users\lenovo\OneDrive\Desktop\CodeMindAI Code Understanding system\codemind-frontend\node_modules\next\dist\build\next-config-ts\transpile-config.js
- C:\Users\lenovo\OneDrive\Desktop\CodeMindAI Code Understanding system\codemind-frontend\node_modules\next\dist\server\config.js
- C:\Users\lenovo\OneDrive\Desktop\CodeMindAI Code Understanding system\codemind-frontend\node_modules\next\dist\server\next.js
- C:\Users\lenovo\OneDrive\Desktop\CodeMindAI Code Understanding system\codemind-frontend\node_modules\next\dist\server\lib\start-server.js] {
  code: 'MODULE_NOT_FOUND',
  requireStack: [Array],
  page: '/data-flow'
}
 ⨯ [Error: Cannot find module 'C:\Users\lenovo\OneDrive\Desktop\CodeMindAI Code Understanding system\codemind-frontend\.next\server\app\data-flow\page.js'
Require stack:
- C:\Users\lenovo\OneDrive\Desktop\CodeMindAI Code Understanding system\codemind-frontend\node_modules\next\dist\server\require.js
- C:\Users\lenovo\OneDrive\Desktop\CodeMindAI Code Understanding system\codemind-frontend\node_modules\next\dist\server\load-components.js
- C:\Users\lenovo\OneDrive\Desktop\CodeMindAI Code Understanding system\codemind-frontend\node_modules\next\dist\build\utils.js
- C:\Users\lenovo\OneDrive\Desktop\CodeMindAI Code Understanding system\codemind-frontend\node_modules\next\dist\build\swc\options.js
- C:\Users\lenovo\OneDrive\Desktop\CodeMindAI Code Understanding system\codemind-frontend\node_modules\next\dist\build\swc\index.js
- C:\Users\lenovo\OneDrive\Desktop\CodeMindAI Code Understanding system\codemind-frontend\node_modules\next\dist\build\next-config-ts\transpile-config.js
- C:\Users\lenovo\OneDrive\Desktop\CodeMindAI Code Understanding system\codemind-frontend\node_modules\next\dist\server\config.js
- C:\Users\lenovo\OneDrive\Desktop\CodeMindAI Code Understanding system\codemind-frontend\node_modules\next\dist\server\next.js
- C:\Users\lenovo\OneDrive\Desktop\CodeMindAI Code Understanding system\codemind-frontend\node_modules\next\dist\server\lib\start-server.js] {
  code: 'MODULE_NOT_FOUND',
  requireStack: [Array],
  page: '/data-flow'
}
 ○ Compiling /_error ...
 ✓ Compiled /_error in 24.6s (6284 modules)
 ⨯ [Error: ENOENT: no such file or directory, open 'C:\Users\lenovo\OneDrive\Desktop\CodeMindAI Code Understanding system\codemind-frontend\.next\routes-manifest.json'] {
  errno: -4058,
  code: 'ENOENT',
  syscall: 'open',
  path: 'C:\\Users\\lenovo\\OneDrive\\Desktop\\CodeMindAI Code Understanding system\\codemind-frontend\\.next\\routes-manifest.json'
}
 ⨯ [Error: ENOENT: no such file or directory, open 'C:\Users\lenovo\OneDrive\Desktop\CodeMindAI Code Understanding system\codemind-frontend\.next\routes-manifest.json'] {
  errno: -4058,
  code: 'ENOENT',
  syscall: 'open',
  path: 'C:\\Users\\lenovo\\OneDrive\\Desktop\\CodeMindAI Code Understanding system\\codemind-frontend\\.next\\routes-manifest.json'
}
 GET /data-flow 500 in 289076ms
 GET /data-flow 500 in 358128ms
<w> [webpack.cache.PackFileCacheStrategy] Caching failed for pack: Error: incorrect data check
